[debug] [2026-04-02T01:00:45.471Z] ----------------------------------------------------------------------
[debug] [2026-04-02T01:00:45.472Z] Command:       /Users/alcadeus/.nvm/versions/node/v24.12.0/bin/node /opt/homebrew/bin/firebase deploy --only functions:createStudentUser
[debug] [2026-04-02T01:00:45.472Z] CLI Version:   15.3.1
[debug] [2026-04-02T01:00:45.472Z] Platform:      darwin
[debug] [2026-04-02T01:00:45.472Z] Node Version:  v24.12.0
[debug] [2026-04-02T01:00:45.472Z] Time:          Thu Apr 02 2026 04:00:45 GMT+0300 (Arabian Standard Time)
[debug] [2026-04-02T01:00:45.472Z] ----------------------------------------------------------------------
[debug] 
[debug] [2026-04-02T01:00:46.075Z] > command requires scopes: ["email","openid","https://www.googleapis.com/auth/cloudplatformprojects.readonly","https://www.googleapis.com/auth/firebase","https://www.googleapis.com/auth/cloud-platform"]
[debug] [2026-04-02T01:00:46.075Z] > authorizing via signed-in user (aazamthakur@gmail.com)
[debug] [2026-04-02T01:00:46.075Z] [iam] checking project reelx-backend for permissions ["cloudfunctions.functions.create","cloudfunctions.functions.delete","cloudfunctions.functions.get","cloudfunctions.functions.list","cloudfunctions.functions.update","cloudfunctions.operations.get","firebase.projects.get"]
[debug] [2026-04-02T01:00:46.075Z] Checked if tokens are valid: true, expires at: 1775094841650
[debug] [2026-04-02T01:00:46.075Z] Checked if tokens are valid: true, expires at: 1775094841650
[debug] [2026-04-02T01:00:46.076Z] >>> [apiv2][query] POST https://cloudresourcemanager.googleapis.com/v1/projects/reelx-backend:testIamPermissions [none]
[debug] [2026-04-02T01:00:46.076Z] >>> [apiv2][(partial)header] POST https://cloudresourcemanager.googleapis.com/v1/projects/reelx-backend:testIamPermissions x-goog-quota-user=projects/reelx-backend
[debug] [2026-04-02T01:00:46.076Z] >>> [apiv2][body] POST https://cloudresourcemanager.googleapis.com/v1/projects/reelx-backend:testIamPermissions {"permissions":["cloudfunctions.functions.create","cloudfunctions.functions.delete","cloudfunctions.functions.get","cloudfunctions.functions.list","cloudfunctions.functions.update","cloudfunctions.operations.get","firebase.projects.get"]}
[debug] [2026-04-02T01:00:47.563Z] <<< [apiv2][status] POST https://cloudresourcemanager.googleapis.com/v1/projects/reelx-backend:testIamPermissions 200
[debug] [2026-04-02T01:00:47.563Z] <<< [apiv2][body] POST https://cloudresourcemanager.googleapis.com/v1/projects/reelx-backend:testIamPermissions {"permissions":["cloudfunctions.functions.create","cloudfunctions.functions.delete","cloudfunctions.functions.get","cloudfunctions.functions.list","cloudfunctions.functions.update","cloudfunctions.operations.get","firebase.projects.get"]}
[debug] [2026-04-02T01:00:47.563Z] Checked if tokens are valid: true, expires at: 1775094841650
[debug] [2026-04-02T01:00:47.563Z] Checked if tokens are valid: true, expires at: 1775094841650
[debug] [2026-04-02T01:00:47.563Z] >>> [apiv2][query] POST https://iam.googleapis.com/v1/projects/reelx-backend/serviceAccounts/reelx-backend@appspot.gserviceaccount.com:testIamPermissions [none]
[debug] [2026-04-02T01:00:47.563Z] >>> [apiv2][body] POST https://iam.googleapis.com/v1/projects/reelx-backend/serviceAccounts/reelx-backend@appspot.gserviceaccount.com:testIamPermissions {"permissions":["iam.serviceAccounts.actAs"]}
[debug] [2026-04-02T01:00:49.097Z] <<< [apiv2][status] POST https://iam.googleapis.com/v1/projects/reelx-backend/serviceAccounts/reelx-backend@appspot.gserviceaccount.com:testIamPermissions 200
[debug] [2026-04-02T01:00:49.097Z] <<< [apiv2][body] POST https://iam.googleapis.com/v1/projects/reelx-backend/serviceAccounts/reelx-backend@appspot.gserviceaccount.com:testIamPermissions {"permissions":["iam.serviceAccounts.actAs"]}
[info] 
[info] === Deploying to 'reelx-backend'...
[info] 
[info] i  deploying functions 
[info] Running command: npm --prefix "$RESOURCE_DIR" run lint
